\BOOKMARK [1][-]{section.1}{\376\377\137\025\212\000}{}% 1
\BOOKMARK [1][-]{section.2}{\376\377\225\356\230\230\213\276\133\232\116\016\213\260\123\367}{}% 2
\BOOKMARK [2][-]{subsection.2.1}{\376\377\166\356\150\007}{section.2}% 3
\BOOKMARK [2][-]{subsection.2.2}{\376\377\121\340\117\125\147\345\213\342\116\016\000\040\000S\000D\000F\000\040\176\246\147\137\377\010\133\236\163\260\200\314\146\157\377\011}{section.2}% 4
\BOOKMARK [1][-]{section.3}{\376\377\127\372\116\216\134\026\225\020\217\271\166\204\123\072\127\337\122\006\211\343}{}% 5
\BOOKMARK [2][-]{subsection.3.1}{\376\377\134\026\225\020\217\271\150\300\155\113}{section.3}% 6
\BOOKMARK [2][-]{subsection.3.2}{\376\377\123\072\127\337\377\010\000r\000e\000g\000i\000o\000n\000s\377\011\116\016\134\026\225\020\217\271\165\114}{section.3}% 7
\BOOKMARK [1][-]{section.4}{\376\377\123\072\127\337\121\205\000\040\000H\000R\000B\000F\040\023\000P\000o\000U\000\040\226\220\137\017\127\072\147\204\136\372}{}% 8
\BOOKMARK [2][-]{subsection.4.1}{\376\377\000p\000a\000t\000c\000h\000\040\211\206\166\326\116\016\147\011\226\120\221\315\123\340\121\154\164\006}{section.4}% 9
\BOOKMARK [2][-]{subsection.4.2}{\376\377\151\055\164\003\000/\000O\000B\000B\000\040\000p\000a\000t\000c\000h\377\010\143\250\203\120\377\011}{section.4}% 10
\BOOKMARK [2][-]{subsection.4.3}{\376\377\116\045\150\074\000\040\000C\0002\000\040\175\047\145\057\144\221\000\040\000b\000u\000m\000p\000\040\116\016\000\040\000P\000o\000U\000\040\147\103\221\315}{section.4}% 11
\BOOKMARK [2][-]{subsection.4.4}{\376\377\134\100\220\350\000\040\000H\000R\000B\000F\377\032\120\074\000\040\000+\000\040\154\325\124\021\145\271\124\021\133\374\145\160\176\246\147\137\377\010\150\007\221\317\137\142\137\017\377\011}{section.4}% 12
\BOOKMARK [2][-]{subsection.4.5}{\376\377\000p\000a\000t\000c\000h\000\040\136\070\145\160\171\373\117\115\133\371\237\120}{section.4}% 13
\BOOKMARK [2][-]{subsection.4.6}{\376\377\123\072\127\337\226\220\137\017\127\072\000\040\000F\000i\000\040\166\204\000\040\000P\000o\000U\000\040\142\374\143\245}{section.4}% 14
\BOOKMARK [1][-]{section.5}{\376\377\123\072\127\337\147\011\145\110\127\337\225\350\143\247\116\016\140\351\177\132\136\366\142\323}{}% 15
\BOOKMARK [1][-]{section.6}{\376\377\121\150\134\100\226\220\137\017\127\072\377\032\142\323\142\121\220\273\143\245\232\161\122\250\166\204\134\100\220\350\000\040\000S\000o\000f\000t\000-\000M\000i\000n}{}% 16
\BOOKMARK [2][-]{subsection.6.1}{\376\377\116\073\123\072\127\337\220\011\142\351\377\032\165\061\147\000\217\321\116\011\211\322\137\142\170\156\133\232}{section.6}% 17
\BOOKMARK [2][-]{subsection.6.2}{\376\377\123\352\121\101\213\270\040\034\116\073\123\072\127\337\134\026\225\020\217\271\165\114\040\035\211\346\123\321\215\350\123\072\217\336\143\245}{section.6}% 18
\BOOKMARK [2][-]{subsection.6.3}{\376\377\120\031\220\011\226\306\124\010\116\016\040\034\143\007\145\160\140\351\177\132\225\350\143\247\040\035}{section.6}% 19
\BOOKMARK [2][-]{subsection.6.4}{\376\377\123\330\221\317\217\157\123\026\134\072\136\246\000\040\000e\000p\000s\000\050\000x\000\051}{section.6}% 20
\BOOKMARK [2][-]{subsection.6.5}{\376\377\121\150\134\100\226\220\137\017\121\375\145\160\133\232\116\111\377\010\000S\000o\000f\000t\000-\000M\000i\000n\000\040\000/\000\040\000l\000o\000g\000-\000s\000u\000m\000-\000e\000x\000p\377\011}{section.6}% 21
\BOOKMARK [1][-]{section.7}{\376\377\150\257\136\246\060\001\154\325\124\021\116\016\143\245\211\346\155\361\136\246\377\032\133\214\145\164\225\355\137\017\210\150\217\276}{}% 22
\BOOKMARK [2][-]{subsection.7.1}{\376\377\145\160\120\074\172\063\133\232\166\204\000\040\000l\000o\000g\000-\000s\000u\000m\000-\000e\000x\000p}{section.7}% 23
\BOOKMARK [2][-]{subsection.7.2}{\376\377\000s\000o\000f\000t\000\040\147\103\221\315}{section.7}% 24
\BOOKMARK [2][-]{subsection.7.3}{\376\377\123\330\221\317\000\040\000e\000p\000s\000\050\000x\000\051\000\040\116\013\166\204\133\214\145\164\150\257\136\246}{section.7}% 25
\BOOKMARK [2][-]{subsection.7.4}{\376\377\154\325\124\021\116\016\155\361\136\246}{section.7}% 26
\BOOKMARK [1][-]{section.8}{\376\377\173\227\154\325\155\101\172\013\116\016\131\015\147\102\136\246}{}% 27
\BOOKMARK [2][-]{subsection.8.1}{\376\377\230\204\131\004\164\006\116\016\147\345\213\342\117\052\116\343\170\001}{section.8}% 28
\BOOKMARK [2][-]{subsection.8.2}{\376\377\131\015\147\102\136\246\213\250\213\272}{section.8}% 29
\BOOKMARK [1][-]{section.9}{\376\377\213\250\213\272\116\016\134\100\226\120}{}% 30
\BOOKMARK [1][-]{section.10}{\376\377\176\323\213\272\116\016\124\016\176\355\135\345\117\134}{}% 31
\BOOKMARK [1][-]{appendix.A}{\376\377\226\104\137\125\377\032\133\214\145\164\150\257\136\246\143\250\133\374\377\010\173\200\211\201\377\011}{}% 32
